This is pdfTeX, Version 3.14159265-2.6-1.40.19 (TeX Live 2018) (preloaded format=pdflatex 2018.11.15)  8 JAN 2019 08:49
entering extended mode
 restricted \write18 enabled.
 file:line:error style messages enabled.
 %&-line parsing enabled.
**Main_file.tex
(./Main_file.tex
LaTeX2e <2018-04-01> patch level 2
Babel <3.18> and hyphenation patterns for 84 language(s) loaded.
(/usr/local/texlive/2018/texmf-dist/tex/latex/base/report.cls
Document Class: report 2014/09/29 v1.4h Standard LaTeX document class
(/usr/local/texlive/2018/texmf-dist/tex/latex/base/size12.clo
File: size12.clo 2014/09/29 v1.4h Standard LaTeX file (size option)
)
\c@part=\count80
\c@chapter=\count81
\c@section=\count82
\c@subsection=\count83
\c@subsubsection=\count84
\c@paragraph=\count85
\c@subparagraph=\count86
\c@figure=\count87
\c@table=\count88
\abovecaptionskip=\skip41
\belowcaptionskip=\skip42
\bibindent=\dimen102
)
(/usr/local/texlive/2018/texmf-dist/tex/latex/geometry/geometry.sty
Package: geometry 2018/03/24 v5.7 Page Geometry

(/usr/local/texlive/2018/texmf-dist/tex/latex/graphics/keyval.sty
Package: keyval 2014/10/28 v1.15 key=value parser (DPC)
\KV@toks@=\toks14
)
(/usr/local/texlive/2018/texmf-dist/tex/generic/oberdiek/ifpdf.sty
Package: ifpdf 2017/03/15 v3.2 Provides the ifpdf switch
)
(/usr/local/texlive/2018/texmf-dist/tex/generic/oberdiek/ifvtex.sty
Package: ifvtex 2016/05/16 v1.6 Detect VTeX and its facilities (HO)
Package ifvtex Info: VTeX not detected.
)
(/usr/local/texlive/2018/texmf-dist/tex/generic/ifxetex/ifxetex.sty
Package: ifxetex 2010/09/12 v0.6 Provides ifxetex conditional
)
\Gm@cnth=\count89
\Gm@cntv=\count90
\c@Gm@tempcnt=\count91
\Gm@bindingoffset=\dimen103
\Gm@wd@mp=\dimen104
\Gm@odd@mp=\dimen105
\Gm@even@mp=\dimen106
\Gm@layoutwidth=\dimen107
\Gm@layoutheight=\dimen108
\Gm@layouthoffset=\dimen109
\Gm@layoutvoffset=\dimen110
\Gm@dimlist=\toks15
)
(/usr/local/texlive/2018/texmf-dist/tex/latex/setspace/setspace.sty
Package: setspace 2011/12/19 v6.7a set line spacing
)
(/usr/local/texlive/2018/texmf-dist/tex/latex/xcolor/xcolor.sty
Package: xcolor 2016/05/11 v2.12 LaTeX color extensions (UK)

(/usr/local/texlive/2018/texmf-dist/tex/latex/graphics-cfg/color.cfg
File: color.cfg 2016/01/02 v1.6 sample color configuration
)
Package xcolor Info: Driver file: pdftex.def on input line 225.

(/usr/local/texlive/2018/texmf-dist/tex/latex/graphics-def/pdftex.def
File: pdftex.def 2018/01/08 v1.0l Graphics/color driver for pdftex
)
(/usr/local/texlive/2018/texmf-dist/tex/latex/colortbl/colortbl.sty
Package: colortbl 2012/02/13 v1.0a Color table columns (DPC)

(/usr/local/texlive/2018/texmf-dist/tex/latex/tools/array.sty
Package: array 2018/04/07 v2.4g Tabular extension package (FMi)
\col@sep=\dimen111
\ar@mcellbox=\box26
\extrarowheight=\dimen112
\NC@list=\toks16
\extratabsurround=\skip43
\backup@length=\skip44
\ar@cellbox=\box27
)
\everycr=\toks17
\minrowclearance=\skip45
)
\rownum=\count92
Package xcolor Info: Model `cmy' substituted by `cmy0' on input line 1348.
Package xcolor Info: Model `hsb' substituted by `rgb' on input line 1352.
Package xcolor Info: Model `RGB' extended on input line 1364.
Package xcolor Info: Model `HTML' substituted by `rgb' on input line 1366.
Package xcolor Info: Model `Hsb' substituted by `hsb' on input line 1367.
Package xcolor Info: Model `tHsb' substituted by `hsb' on input line 1368.
Package xcolor Info: Model `HSB' substituted by `hsb' on input line 1369.
Package xcolor Info: Model `Gray' substituted by `gray' on input line 1370.
Package xcolor Info: Model `wave' substituted by `hsb' on input line 1371.
)
(/usr/local/texlive/2018/texmf-dist/tex/latex/graphics/graphics.sty
Package: graphics 2017/06/25 v1.2c Standard LaTeX Graphics (DPC,SPQR)

(/usr/local/texlive/2018/texmf-dist/tex/latex/graphics/trig.sty
Package: trig 2016/01/03 v1.10 sin cos tan (DPC)
)
(/usr/local/texlive/2018/texmf-dist/tex/latex/graphics-cfg/graphics.cfg
File: graphics.cfg 2016/06/04 v1.11 sample graphics configuration
)
Package graphics Info: Driver file: pdftex.def on input line 99.
)
(/usr/local/texlive/2018/texmf-dist/tex/latex/subfig/subfig.sty
Package: subfig 2005/06/28 ver: 1.3 subfig package

(/usr/local/texlive/2018/texmf-dist/tex/latex/caption/caption.sty
Package: caption 2016/02/21 v3.3-144 Customizing captions (AR)

(/usr/local/texlive/2018/texmf-dist/tex/latex/caption/caption3.sty
Package: caption3 2016/05/22 v1.7-166 caption3 kernel (AR)
Package caption3 Info: TeX engine: e-TeX on input line 67.
\captionmargin=\dimen113
\captionmargin@=\dimen114
\captionwidth=\dimen115
\caption@tempdima=\dimen116
\caption@indent=\dimen117
\caption@parindent=\dimen118
\caption@hangindent=\dimen119
)
\c@ContinuedFloat=\count93
)
\c@KVtest=\count94
\sf@farskip=\skip46
\sf@captopadj=\dimen120
\sf@capskip=\skip47
\sf@nearskip=\skip48
\c@subfigure=\count95
\c@subfigure@save=\count96
\c@lofdepth=\count97
\c@subtable=\count98
\c@subtable@save=\count99
\c@lotdepth=\count100
\sf@top=\skip49
\sf@bottom=\skip50
)
(/usr/local/texlive/2018/texmf-dist/tex/latex/float/float.sty
Package: float 2001/11/08 v1.3d Float enhancements (AL)
\c@float@type=\count101
\float@exts=\toks18
\float@box=\box28
\@float@everytoks=\toks19
\@floatcapt=\box29
)
(/usr/local/texlive/2018/texmf-dist/tex/latex/booktabs/booktabs.sty
Package: booktabs 2016/04/27 v1.618033 publication quality tables
\heavyrulewidth=\dimen121
\lightrulewidth=\dimen122
\cmidrulewidth=\dimen123
\belowrulesep=\dimen124
\belowbottomsep=\dimen125
\aboverulesep=\dimen126
\abovetopsep=\dimen127
\cmidrulesep=\dimen128
\cmidrulekern=\dimen129
\defaultaddspace=\dimen130
\@cmidla=\count102
\@cmidlb=\count103
\@aboverulesep=\dimen131
\@belowrulesep=\dimen132
\@thisruleclass=\count104
\@lastruleclass=\count105
\@thisrulewidth=\dimen133
)
(/usr/local/texlive/2018/texmf-dist/tex/latex/tools/multicol.sty
Package: multicol 2018/04/01 v1.8r multicolumn formatting (FMi)
\c@tracingmulticols=\count106
\mult@box=\box30
\multicol@leftmargin=\dimen134
\c@unbalance=\count107
\c@collectmore=\count108
\doublecol@number=\count109
\multicoltolerance=\count110
\multicolpretolerance=\count111
\full@width=\dimen135
\page@free=\dimen136
\premulticols=\dimen137
\postmulticols=\dimen138
\multicolsep=\skip51
\multicolbaselineskip=\skip52
\partial@page=\box31
\last@line=\box32
\maxbalancingoverflow=\dimen139
\mult@rightbox=\box33
\mult@grightbox=\box34
\mult@gfirstbox=\box35
\mult@firstbox=\box36
\@tempa=\box37
\@tempa=\box38
\@tempa=\box39
\@tempa=\box40
\@tempa=\box41
\@tempa=\box42
\@tempa=\box43
\@tempa=\box44
\@tempa=\box45
\@tempa=\box46
\@tempa=\box47
\@tempa=\box48
\@tempa=\box49
\@tempa=\box50
\@tempa=\box51
\@tempa=\box52
\@tempa=\box53
\c@columnbadness=\count112
\c@finalcolumnbadness=\count113
\last@try=\dimen140
\multicolovershoot=\dimen141
\multicolundershoot=\dimen142
\mult@nat@firstbox=\box54
\colbreak@box=\box55
\mc@col@check@num=\count114
)
(/usr/local/texlive/2018/texmf-dist/tex/latex/pgf/frontendlayer/tikz.sty
(/usr/local/texlive/2018/texmf-dist/tex/latex/pgf/basiclayer/pgf.sty
(/usr/local/texlive/2018/texmf-dist/tex/latex/pgf/utilities/pgfrcs.sty
(/usr/local/texlive/2018/texmf-dist/tex/generic/pgf/utilities/pgfutil-common.te
x
\pgfutil@everybye=\toks20
\pgfutil@tempdima=\dimen143
\pgfutil@tempdimb=\dimen144

(/usr/local/texlive/2018/texmf-dist/tex/generic/pgf/utilities/pgfutil-common-li
sts.tex))
(/usr/local/texlive/2018/texmf-dist/tex/generic/pgf/utilities/pgfutil-latex.def
\pgfutil@abb=\box56
(/usr/local/texlive/2018/texmf-dist/tex/latex/ms/everyshi.sty
Package: everyshi 2001/05/15 v3.00 EveryShipout Package (MS)
))
(/usr/local/texlive/2018/texmf-dist/tex/generic/pgf/utilities/pgfrcs.code.tex
Package: pgfrcs 2015/08/07 v3.0.1a (rcs-revision 1.31)
))
Package: pgf 2015/08/07 v3.0.1a (rcs-revision 1.15)
(/usr/local/texlive/2018/texmf-dist/tex/latex/pgf/basiclayer/pgfcore.sty
(/usr/local/texlive/2018/texmf-dist/tex/latex/graphics/graphicx.sty
Package: graphicx 2017/06/01 v1.1a Enhanced LaTeX Graphics (DPC,SPQR)
\Gin@req@height=\dimen145
\Gin@req@width=\dimen146
)
(/usr/local/texlive/2018/texmf-dist/tex/latex/pgf/systemlayer/pgfsys.sty
(/usr/local/texlive/2018/texmf-dist/tex/generic/pgf/systemlayer/pgfsys.code.tex
Package: pgfsys 2014/07/09 v3.0.1a (rcs-revision 1.48)
(/usr/local/texlive/2018/texmf-dist/tex/generic/pgf/utilities/pgfkeys.code.tex
\pgfkeys@pathtoks=\toks21
\pgfkeys@temptoks=\toks22

(/usr/local/texlive/2018/texmf-dist/tex/generic/pgf/utilities/pgfkeysfiltered.c
ode.tex
\pgfkeys@tmptoks=\toks23
))
\pgf@x=\dimen147
\pgf@y=\dimen148
\pgf@xa=\dimen149
\pgf@ya=\dimen150
\pgf@xb=\dimen151
\pgf@yb=\dimen152
\pgf@xc=\dimen153
\pgf@yc=\dimen154
\w@pgf@writea=\write3
\r@pgf@reada=\read1
\c@pgf@counta=\count115
\c@pgf@countb=\count116
\c@pgf@countc=\count117
\c@pgf@countd=\count118
\t@pgf@toka=\toks24
\t@pgf@tokb=\toks25
\t@pgf@tokc=\toks26

(/usr/local/texlive/2018/texmf-dist/tex/generic/pgf/systemlayer/pgf.cfg
File: pgf.cfg 2008/05/14  (rcs-revision 1.7)
)
Driver file for pgf: pgfsys-pdftex.def

(/usr/local/texlive/2018/texmf-dist/tex/generic/pgf/systemlayer/pgfsys-pdftex.d
ef
File: pgfsys-pdftex.def 2014/10/11  (rcs-revision 1.35)

(/usr/local/texlive/2018/texmf-dist/tex/generic/pgf/systemlayer/pgfsys-common-p
df.def
File: pgfsys-common-pdf.def 2013/10/10  (rcs-revision 1.13)
)))
(/usr/local/texlive/2018/texmf-dist/tex/generic/pgf/systemlayer/pgfsyssoftpath.
code.tex
File: pgfsyssoftpath.code.tex 2013/09/09  (rcs-revision 1.9)
\pgfsyssoftpath@smallbuffer@items=\count119
\pgfsyssoftpath@bigbuffer@items=\count120
)
(/usr/local/texlive/2018/texmf-dist/tex/generic/pgf/systemlayer/pgfsysprotocol.
code.tex
File: pgfsysprotocol.code.tex 2006/10/16  (rcs-revision 1.4)
))
(/usr/local/texlive/2018/texmf-dist/tex/generic/pgf/basiclayer/pgfcore.code.tex
Package: pgfcore 2010/04/11 v3.0.1a (rcs-revision 1.7)
(/usr/local/texlive/2018/texmf-dist/tex/generic/pgf/math/pgfmath.code.tex
(/usr/local/texlive/2018/texmf-dist/tex/generic/pgf/math/pgfmathcalc.code.tex
(/usr/local/texlive/2018/texmf-dist/tex/generic/pgf/math/pgfmathutil.code.tex)
(/usr/local/texlive/2018/texmf-dist/tex/generic/pgf/math/pgfmathparser.code.tex
\pgfmath@dimen=\dimen155
\pgfmath@count=\count121
\pgfmath@box=\box57
\pgfmath@toks=\toks27
\pgfmath@stack@operand=\toks28
\pgfmath@stack@operation=\toks29
)
(/usr/local/texlive/2018/texmf-dist/tex/generic/pgf/math/pgfmathfunctions.code.
tex
(/usr/local/texlive/2018/texmf-dist/tex/generic/pgf/math/pgfmathfunctions.basic
.code.tex)
(/usr/local/texlive/2018/texmf-dist/tex/generic/pgf/math/pgfmathfunctions.trigo
nometric.code.tex)
(/usr/local/texlive/2018/texmf-dist/tex/generic/pgf/math/pgfmathfunctions.rando
m.code.tex)
(/usr/local/texlive/2018/texmf-dist/tex/generic/pgf/math/pgfmathfunctions.compa
rison.code.tex)
(/usr/local/texlive/2018/texmf-dist/tex/generic/pgf/math/pgfmathfunctions.base.
code.tex)
(/usr/local/texlive/2018/texmf-dist/tex/generic/pgf/math/pgfmathfunctions.round
.code.tex)
(/usr/local/texlive/2018/texmf-dist/tex/generic/pgf/math/pgfmathfunctions.misc.
code.tex)
(/usr/local/texlive/2018/texmf-dist/tex/generic/pgf/math/pgfmathfunctions.integ
erarithmetics.code.tex)))
(/usr/local/texlive/2018/texmf-dist/tex/generic/pgf/math/pgfmathfloat.code.tex
\c@pgfmathroundto@lastzeros=\count122
))
(/usr/local/texlive/2018/texmf-dist/tex/generic/pgf/basiclayer/pgfcorepoints.co
de.tex
File: pgfcorepoints.code.tex 2013/10/07  (rcs-revision 1.27)
\pgf@picminx=\dimen156
\pgf@picmaxx=\dimen157
\pgf@picminy=\dimen158
\pgf@picmaxy=\dimen159
\pgf@pathminx=\dimen160
\pgf@pathmaxx=\dimen161
\pgf@pathminy=\dimen162
\pgf@pathmaxy=\dimen163
\pgf@xx=\dimen164
\pgf@xy=\dimen165
\pgf@yx=\dimen166
\pgf@yy=\dimen167
\pgf@zx=\dimen168
\pgf@zy=\dimen169
)
(/usr/local/texlive/2018/texmf-dist/tex/generic/pgf/basiclayer/pgfcorepathconst
ruct.code.tex
File: pgfcorepathconstruct.code.tex 2013/10/07  (rcs-revision 1.29)
\pgf@path@lastx=\dimen170
\pgf@path@lasty=\dimen171
)
(/usr/local/texlive/2018/texmf-dist/tex/generic/pgf/basiclayer/pgfcorepathusage
.code.tex
File: pgfcorepathusage.code.tex 2014/11/02  (rcs-revision 1.24)
\pgf@shorten@end@additional=\dimen172
\pgf@shorten@start@additional=\dimen173
)
(/usr/local/texlive/2018/texmf-dist/tex/generic/pgf/basiclayer/pgfcorescopes.co
de.tex
File: pgfcorescopes.code.tex 2015/05/08  (rcs-revision 1.46)
\pgfpic=\box58
\pgf@hbox=\box59
\pgf@layerbox@main=\box60
\pgf@picture@serial@count=\count123
)
(/usr/local/texlive/2018/texmf-dist/tex/generic/pgf/basiclayer/pgfcoregraphicst
ate.code.tex
File: pgfcoregraphicstate.code.tex 2014/11/02  (rcs-revision 1.12)
\pgflinewidth=\dimen174
)
(/usr/local/texlive/2018/texmf-dist/tex/generic/pgf/basiclayer/pgfcoretransform
ations.code.tex
File: pgfcoretransformations.code.tex 2015/08/07  (rcs-revision 1.20)
\pgf@pt@x=\dimen175
\pgf@pt@y=\dimen176
\pgf@pt@temp=\dimen177
)
(/usr/local/texlive/2018/texmf-dist/tex/generic/pgf/basiclayer/pgfcorequick.cod
e.tex
File: pgfcorequick.code.tex 2008/10/09  (rcs-revision 1.3)
)
(/usr/local/texlive/2018/texmf-dist/tex/generic/pgf/basiclayer/pgfcoreobjects.c
ode.tex
File: pgfcoreobjects.code.tex 2006/10/11  (rcs-revision 1.2)
)
(/usr/local/texlive/2018/texmf-dist/tex/generic/pgf/basiclayer/pgfcorepathproce
ssing.code.tex
File: pgfcorepathprocessing.code.tex 2013/09/09  (rcs-revision 1.9)
)
(/usr/local/texlive/2018/texmf-dist/tex/generic/pgf/basiclayer/pgfcorearrows.co
de.tex
File: pgfcorearrows.code.tex 2015/05/14  (rcs-revision 1.43)
\pgfarrowsep=\dimen178
)
(/usr/local/texlive/2018/texmf-dist/tex/generic/pgf/basiclayer/pgfcoreshade.cod
e.tex
File: pgfcoreshade.code.tex 2013/07/15  (rcs-revision 1.15)
\pgf@max=\dimen179
\pgf@sys@shading@range@num=\count124
)
(/usr/local/texlive/2018/texmf-dist/tex/generic/pgf/basiclayer/pgfcoreimage.cod
e.tex
File: pgfcoreimage.code.tex 2013/07/15  (rcs-revision 1.18)

(/usr/local/texlive/2018/texmf-dist/tex/generic/pgf/basiclayer/pgfcoreexternal.
code.tex
File: pgfcoreexternal.code.tex 2014/07/09  (rcs-revision 1.21)
\pgfexternal@startupbox=\box61
))
(/usr/local/texlive/2018/texmf-dist/tex/generic/pgf/basiclayer/pgfcorelayers.co
de.tex
File: pgfcorelayers.code.tex 2013/07/18  (rcs-revision 1.7)
)
(/usr/local/texlive/2018/texmf-dist/tex/generic/pgf/basiclayer/pgfcoretranspare
ncy.code.tex
File: pgfcoretransparency.code.tex 2013/09/30  (rcs-revision 1.5)
)
(/usr/local/texlive/2018/texmf-dist/tex/generic/pgf/basiclayer/pgfcorepatterns.
code.tex
File: pgfcorepatterns.code.tex 2013/11/07  (rcs-revision 1.5)
)))
(/usr/local/texlive/2018/texmf-dist/tex/generic/pgf/modules/pgfmoduleshapes.cod
e.tex
File: pgfmoduleshapes.code.tex 2014/03/21  (rcs-revision 1.35)
\pgfnodeparttextbox=\box62
)
(/usr/local/texlive/2018/texmf-dist/tex/generic/pgf/modules/pgfmoduleplot.code.
tex
File: pgfmoduleplot.code.tex 2015/08/03  (rcs-revision 1.13)
)
(/usr/local/texlive/2018/texmf-dist/tex/latex/pgf/compatibility/pgfcomp-version
-0-65.sty
Package: pgfcomp-version-0-65 2007/07/03 v3.0.1a (rcs-revision 1.7)
\pgf@nodesepstart=\dimen180
\pgf@nodesepend=\dimen181
)
(/usr/local/texlive/2018/texmf-dist/tex/latex/pgf/compatibility/pgfcomp-version
-1-18.sty
Package: pgfcomp-version-1-18 2007/07/23 v3.0.1a (rcs-revision 1.1)
))
(/usr/local/texlive/2018/texmf-dist/tex/latex/pgf/utilities/pgffor.sty
(/usr/local/texlive/2018/texmf-dist/tex/latex/pgf/utilities/pgfkeys.sty
(/usr/local/texlive/2018/texmf-dist/tex/generic/pgf/utilities/pgfkeys.code.tex)
) (/usr/local/texlive/2018/texmf-dist/tex/latex/pgf/math/pgfmath.sty
(/usr/local/texlive/2018/texmf-dist/tex/generic/pgf/math/pgfmath.code.tex))
(/usr/local/texlive/2018/texmf-dist/tex/generic/pgf/utilities/pgffor.code.tex
Package: pgffor 2013/12/13 v3.0.1a (rcs-revision 1.25)

(/usr/local/texlive/2018/texmf-dist/tex/generic/pgf/math/pgfmath.code.tex)
\pgffor@iter=\dimen182
\pgffor@skip=\dimen183
\pgffor@stack=\toks30
\pgffor@toks=\toks31
))
(/usr/local/texlive/2018/texmf-dist/tex/generic/pgf/frontendlayer/tikz/tikz.cod
e.tex
Package: tikz 2015/08/07 v3.0.1a (rcs-revision 1.151)

(/usr/local/texlive/2018/texmf-dist/tex/generic/pgf/libraries/pgflibraryplothan
dlers.code.tex
File: pgflibraryplothandlers.code.tex 2013/08/31 v3.0.1a (rcs-revision 1.20)
\pgf@plot@mark@count=\count125
\pgfplotmarksize=\dimen184
)
\tikz@lastx=\dimen185
\tikz@lasty=\dimen186
\tikz@lastxsaved=\dimen187
\tikz@lastysaved=\dimen188
\tikzleveldistance=\dimen189
\tikzsiblingdistance=\dimen190
\tikz@figbox=\box63
\tikz@figbox@bg=\box64
\tikz@tempbox=\box65
\tikz@tempbox@bg=\box66
\tikztreelevel=\count126
\tikznumberofchildren=\count127
\tikznumberofcurrentchild=\count128
\tikz@fig@count=\count129

(/usr/local/texlive/2018/texmf-dist/tex/generic/pgf/modules/pgfmodulematrix.cod
e.tex
File: pgfmodulematrix.code.tex 2013/09/17  (rcs-revision 1.8)
\pgfmatrixcurrentrow=\count130
\pgfmatrixcurrentcolumn=\count131
\pgf@matrix@numberofcolumns=\count132
)
\tikz@expandcount=\count133

(/usr/local/texlive/2018/texmf-dist/tex/generic/pgf/frontendlayer/tikz/librarie
s/tikzlibrarytopaths.code.tex
File: tikzlibrarytopaths.code.tex 2008/06/17 v3.0.1a (rcs-revision 1.2)
)))
(/usr/local/texlive/2018/texmf-dist/tex/latex/lipsum/lipsum.sty
Package: lipsum 2014/07/27 v1.3 150 paragraphs of Lorem Ipsum dummy text
\c@lips@count=\count134
)
(/usr/local/texlive/2018/texmf-dist/tex/latex/listings/listings.sty
\lst@mode=\count135
\lst@gtempboxa=\box67
\lst@token=\toks32
\lst@length=\count136
\lst@currlwidth=\dimen191
\lst@column=\count137
\lst@pos=\count138
\lst@lostspace=\dimen192
\lst@width=\dimen193
\lst@newlines=\count139
\lst@lineno=\count140
\lst@maxwidth=\dimen194

(/usr/local/texlive/2018/texmf-dist/tex/latex/listings/lstmisc.sty
File: lstmisc.sty 2015/06/04 1.6 (Carsten Heinz)
\c@lstnumber=\count141
\lst@skipnumbers=\count142
\lst@framebox=\box68
)
(/usr/local/texlive/2018/texmf-dist/tex/latex/listings/listings.cfg
File: listings.cfg 2015/06/04 1.6 listings configuration
))
Package: listings 2015/06/04 1.6 (Carsten Heinz)

(/usr/local/texlive/2018/texmf-dist/tex/latex/hyperref/hyperref.sty
Package: hyperref 2018/02/06 v6.86b Hypertext links for LaTeX

(/usr/local/texlive/2018/texmf-dist/tex/generic/oberdiek/hobsub-hyperref.sty
Package: hobsub-hyperref 2016/05/16 v1.14 Bundle oberdiek, subset hyperref (HO)


(/usr/local/texlive/2018/texmf-dist/tex/generic/oberdiek/hobsub-generic.sty
Package: hobsub-generic 2016/05/16 v1.14 Bundle oberdiek, subset generic (HO)
Package: hobsub 2016/05/16 v1.14 Construct package bundles (HO)
Package: infwarerr 2016/05/16 v1.4 Providing info/warning/error messages (HO)
Package: ltxcmds 2016/05/16 v1.23 LaTeX kernel commands for general use (HO)
Package: ifluatex 2016/05/16 v1.4 Provides the ifluatex switch (HO)
Package ifluatex Info: LuaTeX not detected.
Package hobsub Info: Skipping package `ifvtex' (already loaded).
Package: intcalc 2016/05/16 v1.2 Expandable calculations with integers (HO)
Package hobsub Info: Skipping package `ifpdf' (already loaded).
Package: etexcmds 2016/05/16 v1.6 Avoid name clashes with e-TeX commands (HO)
Package etexcmds Info: Could not find \expanded.
(etexcmds)             That can mean that you are not using pdfTeX 1.50 or
(etexcmds)             that some package has redefined \expanded.
(etexcmds)             In the latter case, load this package earlier.
Package: kvsetkeys 2016/05/16 v1.17 Key value parser (HO)
Package: kvdefinekeys 2016/05/16 v1.4 Define keys (HO)
Package: pdftexcmds 2018/01/30 v0.27 Utility functions of pdfTeX for LuaTeX (HO
)
Package pdftexcmds Info: LuaTeX not detected.
Package pdftexcmds Info: \pdf@primitive is available.
Package pdftexcmds Info: \pdf@ifprimitive is available.
Package pdftexcmds Info: \pdfdraftmode found.
Package: pdfescape 2016/05/16 v1.14 Implements pdfTeX's escape features (HO)
Package: bigintcalc 2016/05/16 v1.4 Expandable calculations on big integers (HO
)
Package: bitset 2016/05/16 v1.2 Handle bit-vector datatype (HO)
Package: uniquecounter 2016/05/16 v1.3 Provide unlimited unique counter (HO)
)
Package hobsub Info: Skipping package `hobsub' (already loaded).
Package: letltxmacro 2016/05/16 v1.5 Let assignment for LaTeX macros (HO)
Package: hopatch 2016/05/16 v1.3 Wrapper for package hooks (HO)
Package: xcolor-patch 2016/05/16 xcolor patch
Package: atveryend 2016/05/16 v1.9 Hooks at the very end of document (HO)
Package atveryend Info: \enddocument detected (standard20110627).
Package: atbegshi 2016/06/09 v1.18 At begin shipout hook (HO)
Package: refcount 2016/05/16 v3.5 Data extraction from label references (HO)
Package: hycolor 2016/05/16 v1.8 Color options for hyperref/bookmark (HO)
)
(/usr/local/texlive/2018/texmf-dist/tex/latex/oberdiek/auxhook.sty
Package: auxhook 2016/05/16 v1.4 Hooks for auxiliary files (HO)
)
(/usr/local/texlive/2018/texmf-dist/tex/latex/oberdiek/kvoptions.sty
Package: kvoptions 2016/05/16 v3.12 Key value format for package options (HO)
)
\@linkdim=\dimen195
\Hy@linkcounter=\count143
\Hy@pagecounter=\count144

(/usr/local/texlive/2018/texmf-dist/tex/latex/hyperref/pd1enc.def
File: pd1enc.def 2018/02/06 v6.86b Hyperref: PDFDocEncoding definition (HO)
Now handling font encoding PD1 ...
... no UTF-8 mapping file for font encoding PD1
)
\Hy@SavedSpaceFactor=\count145

(/usr/local/texlive/2018/texmf-dist/tex/latex/latexconfig/hyperref.cfg
File: hyperref.cfg 2002/06/06 v1.2 hyperref configuration of TeXLive
)
Package hyperref Info: Hyper figures OFF on input line 4509.
Package hyperref Info: Link nesting OFF on input line 4514.
Package hyperref Info: Hyper index ON on input line 4517.
Package hyperref Info: Plain pages OFF on input line 4524.
Package hyperref Info: Backreferencing OFF on input line 4529.
Package hyperref Info: Implicit mode ON; LaTeX internals redefined.
Package hyperref Info: Bookmarks ON on input line 4762.
\c@Hy@tempcnt=\count146

(/usr/local/texlive/2018/texmf-dist/tex/latex/url/url.sty
\Urlmuskip=\muskip10
Package: url 2013/09/16  ver 3.4  Verb mode for urls, etc.
)
LaTeX Info: Redefining \url on input line 5115.
\XeTeXLinkMargin=\dimen196
\Fld@menulength=\count147
\Field@Width=\dimen197
\Fld@charsize=\dimen198
Package hyperref Info: Hyper figures OFF on input line 6369.
Package hyperref Info: Link nesting OFF on input line 6374.
Package hyperref Info: Hyper index ON on input line 6377.
Package hyperref Info: backreferencing OFF on input line 6384.
Package hyperref Info: Link coloring OFF on input line 6389.
Package hyperref Info: Link coloring with OCG OFF on input line 6394.
Package hyperref Info: PDF/A mode OFF on input line 6399.
LaTeX Info: Redefining \ref on input line 6439.
LaTeX Info: Redefining \pageref on input line 6443.
\Hy@abspage=\count148
\c@Item=\count149
\c@Hfootnote=\count150
)
Package hyperref Info: Driver (autodetected): hpdftex.

(/usr/local/texlive/2018/texmf-dist/tex/latex/hyperref/hpdftex.def
File: hpdftex.def 2018/02/06 v6.86b Hyperref driver for pdfTeX
\Fld@listcount=\count151
\c@bookmark@seq@number=\count152

(/usr/local/texlive/2018/texmf-dist/tex/latex/oberdiek/rerunfilecheck.sty
Package: rerunfilecheck 2016/05/16 v1.8 Rerun checks for auxiliary files (HO)
Package uniquecounter Info: New unique counter `rerunfilecheck' on input line 2
82.
)
\Hy@SectionHShift=\skip53
)
(/usr/local/texlive/2018/texmf-dist/tex/latex/amsmath/amsmath.sty
Package: amsmath 2017/09/02 v2.17a AMS math features
\@mathmargin=\skip54

For additional information on amsmath, use the `?' option.
(/usr/local/texlive/2018/texmf-dist/tex/latex/amsmath/amstext.sty
Package: amstext 2000/06/29 v2.01 AMS text

(/usr/local/texlive/2018/texmf-dist/tex/latex/amsmath/amsgen.sty
File: amsgen.sty 1999/11/30 v2.0 generic functions
\@emptytoks=\toks33
\ex@=\dimen199
))
(/usr/local/texlive/2018/texmf-dist/tex/latex/amsmath/amsbsy.sty
Package: amsbsy 1999/11/29 v1.2d Bold Symbols
\pmbraise@=\dimen256
)
(/usr/local/texlive/2018/texmf-dist/tex/latex/amsmath/amsopn.sty
Package: amsopn 2016/03/08 v2.02 operator names
)
\inf@bad=\count153
LaTeX Info: Redefining \frac on input line 213.
\uproot@=\count154
\leftroot@=\count155
LaTeX Info: Redefining \overline on input line 375.
\classnum@=\count156
\DOTSCASE@=\count157
LaTeX Info: Redefining \ldots on input line 472.
LaTeX Info: Redefining \dots on input line 475.
LaTeX Info: Redefining \cdots on input line 596.
\Mathstrutbox@=\box69
\strutbox@=\box70
\big@size=\dimen257
LaTeX Font Info:    Redeclaring font encoding OML on input line 712.
LaTeX Font Info:    Redeclaring font encoding OMS on input line 713.
\macc@depth=\count158
\c@MaxMatrixCols=\count159
\dotsspace@=\muskip11
\c@parentequation=\count160
\dspbrk@lvl=\count161
\tag@help=\toks34
\row@=\count162
\column@=\count163
\maxfields@=\count164
\andhelp@=\toks35
\eqnshift@=\dimen258
\alignsep@=\dimen259
\tagshift@=\dimen260
\tagwidth@=\dimen261
\totwidth@=\dimen262
\lineht@=\dimen263
\@envbody=\toks36
\multlinegap=\skip55
\multlinetaggap=\skip56
\mathdisplay@stack=\toks37
LaTeX Info: Redefining \[ on input line 2817.
LaTeX Info: Redefining \] on input line 2818.
)
(/usr/local/texlive/2018/texmf-dist/tex/latex/lastpage/lastpage.sty
Package: lastpage 2015/03/29 v1.2m Refers to last page's name (HMM; JPG)
)
(/usr/local/texlive/2018/texmf-dist/tex/latex/fancyhdr/fancyhdr.sty
Package: fancyhdr 2017/06/30 v3.9a Extensive control of page headers and footer
s
\f@nch@headwidth=\skip57
\f@nch@O@elh=\skip58
\f@nch@O@erh=\skip59
\f@nch@O@olh=\skip60
\f@nch@O@orh=\skip61
\f@nch@O@elf=\skip62
\f@nch@O@erf=\skip63
\f@nch@O@olf=\skip64
\f@nch@O@orf=\skip65
)
(/usr/local/texlive/2018/texmf-dist/tex/latex/appendix/appendix.sty
Package: appendix 2009/09/02 v1.2b extra appendix facilities
\c@@pps=\count165
\c@@ppsavesec=\count166
\c@@ppsaveapp=\count167
)
(/usr/local/texlive/2018/texmf-dist/tex/latex/base/inputenc.sty
Package: inputenc 2018/04/06 v1.3b Input encoding file
\inpenc@prehook=\toks38
\inpenc@posthook=\toks39
)
(/usr/local/texlive/2018/texmf-dist/tex/latex/mwe/mwe.sty
Package: mwe 2018/03/30 v0.5 Package to support minimal working examples (MWE)

(/usr/local/texlive/2018/texmf-dist/tex/latex/blindtext/blindtext.sty
Package: blindtext 2012/01/06 V2.0 blindtext-Package

(/usr/local/texlive/2018/texmf-dist/tex/latex/tools/xspace.sty
Package: xspace 2014/10/28 v1.13 Space after command names (DPC,MH)
)
\c@blindtext=\count168
\c@Blindtext=\count169
\c@blind@countparstart=\count170
\blind@countxx=\count171
\blindtext@numBlindtext=\count172
\blind@countyy=\count173
\c@blindlist=\count174
\c@blindlistlevel=\count175
\c@blindlist@level=\count176
\blind@listitem=\count177
\c@blind@listcount=\count178
\c@blind@levelcount=\count179
\blind@mathformula=\count180
\blind@Mathformula=\count181
\c@blind@randomcount=\count182
\c@blind@randommax=\count183
\c@blind@pangramcount=\count184
\c@blind@pangrammax=\count185
))
(./Main_file.aux (./chapter1.aux) (./chapter2.aux) (./bibliography.aux))
\openout1 = `Main_file.aux'.

LaTeX Font Info:    Checking defaults for OML/cmm/m/it on input line 34.
LaTeX Font Info:    ... okay on input line 34.
LaTeX Font Info:    Checking defaults for T1/cmr/m/n on input line 34.
LaTeX Font Info:    ... okay on input line 34.
LaTeX Font Info:    Checking defaults for OT1/cmr/m/n on input line 34.
LaTeX Font Info:    ... okay on input line 34.
LaTeX Font Info:    Checking defaults for OMS/cmsy/m/n on input line 34.
LaTeX Font Info:    ... okay on input line 34.
LaTeX Font Info:    Checking defaults for OMX/cmex/m/n on input line 34.
LaTeX Font Info:    ... okay on input line 34.
LaTeX Font Info:    Checking defaults for U/cmr/m/n on input line 34.
LaTeX Font Info:    ... okay on input line 34.
LaTeX Font Info:    Checking defaults for PD1/pdf/m/n on input line 34.
LaTeX Font Info:    ... okay on input line 34.

*geometry* driver: auto-detecting
*geometry* detected driver: pdftex

Package geometry Warning: The marginal notes overrun the paper.
     Add 11.32088pt and more to the right margin.

*geometry* verbose mode - [ preamble ] result:
* driver: pdftex
* paper: a4paper
* layout: <same size as paper>
* layoutoffset:(h,v)=(0.0pt,0.0pt)
* modes: 
* h-part:(L,W,R)=(42.67912pt, 512.14963pt, 42.67912pt)
* v-part:(T,H,B)=(56.9055pt, 688.5567pt, 99.58464pt)
* \paperwidth=597.50787pt
* \paperheight=845.04684pt
* \textwidth=512.14963pt
* \textheight=688.5567pt
* \oddsidemargin=-29.59087pt
* \evensidemargin=-29.59087pt
* \topmargin=-52.36449pt
* \headheight=12.0pt
* \headsep=25.0pt
* \topskip=12.0pt
* \footskip=30.0pt
* \marginparwidth=44.0pt
* \marginparsep=10.0pt
* \columnsep=10.0pt
* \skip\footins=10.8pt plus 4.0pt minus 2.0pt
* \hoffset=0.0pt
* \voffset=0.0pt
* \mag=1000
* \@twocolumnfalse
* \@twosidefalse
* \@mparswitchfalse
* \@reversemarginfalse
* (1in=72.27pt=25.4mm, 1cm=28.453pt)

(/usr/local/texlive/2018/texmf-dist/tex/context/base/mkii/supp-pdf.mkii
[Loading MPS to PDF converter (version 2006.09.02).]
\scratchcounter=\count186
\scratchdimen=\dimen264
\scratchbox=\box71
\nofMPsegments=\count187
\nofMParguments=\count188
\everyMPshowfont=\toks40
\MPscratchCnt=\count189
\MPscratchDim=\dimen265
\MPnumerator=\count190
\makeMPintoPDFobject=\count191
\everyMPtoPDFconversion=\toks41
) (/usr/local/texlive/2018/texmf-dist/tex/latex/oberdiek/epstopdf-base.sty
Package: epstopdf-base 2016/05/15 v2.6 Base part for package epstopdf

(/usr/local/texlive/2018/texmf-dist/tex/latex/oberdiek/grfext.sty
Package: grfext 2016/05/16 v1.2 Manage graphics extensions (HO)
)
Package epstopdf-base Info: Redefining graphics rule for `.eps' on input line 4
38.
Package grfext Info: Graphics extension search list:
(grfext)             [.pdf,.png,.jpg,.mps,.jpeg,.jbig2,.jb2,.PDF,.PNG,.JPG,.JPE
G,.JBIG2,.JB2,.eps]
(grfext)             \AppendGraphicsExtensions on input line 456.

(/usr/local/texlive/2018/texmf-dist/tex/latex/latexconfig/epstopdf-sys.cfg
File: epstopdf-sys.cfg 2010/07/13 v1.3 Configuration of (r)epstopdf for TeX Liv
e
))
Package caption Info: Begin \AtBeginDocument code.
Package caption Info: subfig package v1.3 is loaded.
Package caption Info: float package is loaded.
Package caption Info: hyperref package is loaded.
Package caption Info: listings package is loaded.
Package caption Info: End \AtBeginDocument code.

ABD: EveryShipout initializing macros
\c@lstlisting=\count192
\AtBeginShipoutBox=\box72
Package hyperref Info: Link coloring OFF on input line 34.

(/usr/local/texlive/2018/texmf-dist/tex/latex/hyperref/nameref.sty
Package: nameref 2016/05/21 v2.44 Cross-referencing by name of section

(/usr/local/texlive/2018/texmf-dist/tex/generic/oberdiek/gettitlestring.sty
Package: gettitlestring 2016/05/16 v1.5 Cleanup title references (HO)
)
\c@section@level=\count193
)
LaTeX Info: Redefining \ref on input line 34.
LaTeX Info: Redefining \pageref on input line 34.
LaTeX Info: Redefining \nameref on input line 34.

(./Main_file.out) (./Main_file.out)
\@outlinefile=\write4
\openout4 = `Main_file.out'.

Package lastpage Info: Please have a look at the pageslts package at
(lastpage)             https://www.ctan.org/pkg/pageslts
(lastpage)             ! on input line 34.
 (./titlepage.tex
<hsb.png, id=71, 339.76938pt x 157.92334pt>
File: hsb.png Graphic file (type png)
<use hsb.png>
Package pdftex.def Info: hsb.png  used on input line 5.
(pdftex.def)             Requested size: 339.76854pt x 157.92294pt.
<iwss.png, id=73, 554.07pt x 417.56pt>
File: iwss.png Graphic file (type png)
<use iwss.png>
Package pdftex.def Info: iwss.png  used on input line 15.
(pdftex.def)             Requested size: 554.06865pt x 417.55896pt.
) [1

{/usr/local/texlive/2018/texmf-var/fonts/map/pdftex/updmap/pdftex.map} <./hsb.p
ng> <./iwss.png>]
(./Main_file.toc)
\tf@toc=\write5
\openout5 = `Main_file.toc'.

pdfTeX warning (ext4): destination with the same identifier (name{page.}) has b
een already used, duplicate ignored
<to be read again> 
                   \relax 
l.45 \listoffigures
                    [2

] (./Main_file.lof)
\tf@lof=\write6
\openout6 = `Main_file.lof'.

File: hsb.png Graphic file (type png)
<use hsb.png>
Package pdftex.def Info: hsb.png  used on input line 64.
(pdftex.def)             Requested size: 339.76854pt x 157.92294pt.


Package Fancyhdr Warning: \headheight is too small (12.0pt): 
 Make it at least 69.393pt.
 We now make it that large for the rest of the document.
 This may cause the page layout to be inconsistent, however.

[1

]
\openout2 = `chapter1.aux'.

 (./chapter1.tex
Chapter 1.
File: hsb.png Graphic file (type png)
<use hsb.png>
Package pdftex.def Info: hsb.png  used on input line 13.
(pdftex.def)             Requested size: 339.76854pt x 157.92294pt.
[2


]
File: hsb.png Graphic file (type png)
<use hsb.png>
Package pdftex.def Info: hsb.png  used on input line 23.
(pdftex.def)             Requested size: 339.76854pt x 157.92294pt.
 [3]
Underfull \hbox (badness 10000) in paragraph at lines 23--25

 []

File: hsb.png Graphic file (type png)
<use hsb.png>
Package pdftex.def Info: hsb.png  used on input line 84.
(pdftex.def)             Requested size: 339.76854pt x 157.92294pt.
[4]
File: hsb.png Graphic file (type png)
<use hsb.png>
Package pdftex.def Info: hsb.png  used on input line 97.
(pdftex.def)             Requested size: 339.76854pt x 157.92294pt.
 [5]
File: hsb.png Graphic file (type png)
<use hsb.png>
Package pdftex.def Info: hsb.png  used on input line 126.
(pdftex.def)             Requested size: 339.76854pt x 157.92294pt.
 [6]
File: hsb.png Graphic file (type png)
<use hsb.png>
Package pdftex.def Info: hsb.png  used on input line 140.
(pdftex.def)             Requested size: 339.76854pt x 157.92294pt.
 [7]
File: hsb.png Graphic file (type png)
<use hsb.png>
Package pdftex.def Info: hsb.png  used on input line 157.
(pdftex.def)             Requested size: 339.76854pt x 157.92294pt.
 [8]
File: hsb.png Graphic file (type png)
<use hsb.png>
Package pdftex.def Info: hsb.png  used on input line 174.
(pdftex.def)             Requested size: 339.76854pt x 157.92294pt.
 [9]
File: hsb.png Graphic file (type png)
<use hsb.png>
Package pdftex.def Info: hsb.png  used on input line 216.
(pdftex.def)             Requested size: 339.76854pt x 157.92294pt.
 [10]
Underfull \hbox (badness 10000) in paragraph at lines 220--222

 []

File: hsb.png Graphic file (type png)
<use hsb.png>
Package pdftex.def Info: hsb.png  used on input line 269.
(pdftex.def)             Requested size: 339.76854pt x 157.92294pt.
[11]
Underfull \hbox (badness 10000) in paragraph at lines 274--276

 []

File: hsb.png Graphic file (type png)
<use hsb.png>
Package pdftex.def Info: hsb.png  used on input line 281.
(pdftex.def)             Requested size: 339.76854pt x 157.92294pt.
[12]
File: hsb.png Graphic file (type png)
<use hsb.png>
Package pdftex.def Info: hsb.png  used on input line 324.
(pdftex.def)             Requested size: 339.76854pt x 157.92294pt.
 [13]
File: hsb.png Graphic file (type png)
<use hsb.png>
Package pdftex.def Info: hsb.png  used on input line 344.
(pdftex.def)             Requested size: 339.76854pt x 157.92294pt.
 [14]
File: hsb.png Graphic file (type png)
<use hsb.png>
Package pdftex.def Info: hsb.png  used on input line 358.
(pdftex.def)             Requested size: 339.76854pt x 157.92294pt.
 [15]
File: hsb.png Graphic file (type png)
<use hsb.png>
Package pdftex.def Info: hsb.png  used on input line 379.
(pdftex.def)             Requested size: 339.76854pt x 157.92294pt.
 [16]
File: hsb.png Graphic file (type png)
<use hsb.png>
Package pdftex.def Info: hsb.png  used on input line 385.
(pdftex.def)             Requested size: 339.76854pt x 157.92294pt.
 [17]
File: hsb.png Graphic file (type png)
<use hsb.png>
Package pdftex.def Info: hsb.png  used on input line 443.
(pdftex.def)             Requested size: 339.76854pt x 157.92294pt.
 [18]
File: hsb.png Graphic file (type png)
<use hsb.png>
Package pdftex.def Info: hsb.png  used on input line 465.
(pdftex.def)             Requested size: 339.76854pt x 157.92294pt.
 [19])
File: hsb.png Graphic file (type png)
<use hsb.png>
Package pdftex.def Info: hsb.png  used on input line 64.
(pdftex.def)             Requested size: 339.76854pt x 157.92294pt.
 [20]
\openout2 = `chapter2.aux'.

 (./chapter2.tex
Chapter 2.
(/usr/local/texlive/2018/texmf-dist/tex/latex/listings/lstlang1.sty
File: lstlang1.sty 2015/06/04 1.6 listings language file
)
File: hsb.png Graphic file (type png)
<use hsb.png>
Package pdftex.def Info: hsb.png  used on input line 26.
(pdftex.def)             Requested size: 339.76854pt x 157.92294pt.
 [21



]
(./assignment3_1.m
LaTeX Font Info:    Try loading font information for OMS+cmr on input line 20.
 (/usr/local/texlive/2018/texmf-dist/tex/latex/base/omscmr.fd
File: omscmr.fd 2014/09/29 v2.5h Standard LaTeX font definitions
)
LaTeX Font Info:    Font shape `OMS/cmr/m/n' in size <8> not available
(Font)              Font shape `OMS/cmsy/m/n' tried instead on input line 20.
File: hsb.png Graphic file (type png)
<use hsb.png>
Package pdftex.def Info: hsb.png  used on input line 24.
(pdftex.def)             Requested size: 339.76854pt x 157.92294pt.
 [22])
File: hsb.png Graphic file (type png)
<use hsb.png>
Package pdftex.def Info: hsb.png  used on input line 35.
(pdftex.def)             Requested size: 339.76854pt x 157.92294pt.
 [23]
<ass1_1.png, id=271, 1124.2pt x 843.15pt>
File: ass1_1.png Graphic file (type png)
<use ass1_1.png>
Package pdftex.def Info: ass1_1.png  used on input line 40.
(pdftex.def)             Requested size: 199.16928pt x 149.36748pt.
<ass1_2.png, id=272, 1124.2pt x 843.15pt>
File: ass1_2.png Graphic file (type png)
<use ass1_2.png>
Package pdftex.def Info: ass1_2.png  used on input line 42.
(pdftex.def)             Requested size: 199.16928pt x 149.36748pt.

Underfull \hbox (badness 10000) in paragraph at lines 51--54

 []

File: hsb.png Graphic file (type png)
<use hsb.png>
Package pdftex.def Info: hsb.png  used on input line 58.
(pdftex.def)             Requested size: 339.76854pt x 157.92294pt.
[24 <./ass1_1.png (PNG copy)> <./ass1_2.png (PNG copy)>] (./assignment3_2.m
File: hsb.png Graphic file (type png)
<use hsb.png>
Package pdftex.def Info: hsb.png  used on input line 35.
(pdftex.def)             Requested size: 339.76854pt x 157.92294pt.

[25])
<ass2_1.png, id=319, 1124.2pt x 843.15pt>
File: ass2_1.png Graphic file (type png)
<use ass2_1.png>
Package pdftex.def Info: ass2_1.png  used on input line 65.
(pdftex.def)             Requested size: 204.85974pt x 153.6388pt.
<ass2_2.png, id=320, 1124.2pt x 843.15pt>
File: ass2_2.png Graphic file (type png)
<use ass2_2.png>
Package pdftex.def Info: ass2_2.png  used on input line 67.
(pdftex.def)             Requested size: 204.85974pt x 153.6388pt.
<ass2_3.png, id=321, 1124.2pt x 843.15pt>
File: ass2_3.png Graphic file (type png)
<use ass2_3.png>
Package pdftex.def Info: ass2_3.png  used on input line 71.
(pdftex.def)             Requested size: 204.85974pt x 153.6388pt.
<ass2_4.png, id=322, 1124.2pt x 843.15pt>
File: ass2_4.png Graphic file (type png)
<use ass2_4.png>
Package pdftex.def Info: ass2_4.png  used on input line 73.
(pdftex.def)             Requested size: 204.85974pt x 153.6388pt.
File: hsb.png Graphic file (type png)
<use hsb.png>
Package pdftex.def Info: hsb.png  used on input line 79.
(pdftex.def)             Requested size: 339.76854pt x 157.92294pt.
 [26 <./ass2_1.png (PNG copy)> <./ass2_2.png (PNG copy)> <./ass2_3.png (PNG cop
y)> <./ass2_4.png (PNG copy)>]
LaTeX Font Info:    Font shape `OT1/cmtt/bx/n' in size <12> not available
(Font)              Font shape `OT1/cmtt/m/n' tried instead on input line 86.
 (./LSE.m
File: hsb.png Graphic file (type png)
<use hsb.png>
Package pdftex.def Info: hsb.png  used on input line 9.
(pdftex.def)             Requested size: 339.76854pt x 157.92294pt.
 [27]
File: hsb.png Graphic file (type png)
<use hsb.png>
Package pdftex.def Info: hsb.png  used on input line 46.
(pdftex.def)             Requested size: 339.76854pt x 157.92294pt.
 [28]) (./assignment3_3.m)
<ass3_2.png, id=393, 432.61626pt x 268.00125pt>
File: ass3_2.png Graphic file (type png)
<use ass3_2.png>
Package pdftex.def Info: ass3_2.png  used on input line 96.
(pdftex.def)             Requested size: 236.15796pt x 146.297pt.
<ass3_1.png, id=394, 440.64626pt x 314.17375pt>
File: ass3_1.png Graphic file (type png)
<use ass3_1.png>
Package pdftex.def Info: ass3_1.png  used on input line 98.
(pdftex.def)             Requested size: 236.15796pt x 168.37611pt.
File: hsb.png Graphic file (type png)
<use hsb.png>
Package pdftex.def Info: hsb.png  used on input line 109.
(pdftex.def)             Requested size: 339.76854pt x 157.92294pt.

[29 <./ass3_2.png> <./ass3_1.png>] (./assignment3_4.m
File: hsb.png Graphic file (type png)
<use hsb.png>
Package pdftex.def Info: hsb.png  used on input line 25.
(pdftex.def)             Requested size: 339.76854pt x 157.92294pt.
 [30])
<ass4_1.png, id=446, 2890.8pt x 1704.3675pt>
File: ass4_1.png Graphic file (type png)
<use ass4_1.png>
Package pdftex.def Info: ass4_1.png  used on input line 117.
(pdftex.def)             Requested size: 462.53746pt x 272.70438pt.
File: hsb.png Graphic file (type png)
<use hsb.png>
Package pdftex.def Info: hsb.png  used on input line 121.
(pdftex.def)             Requested size: 339.76854pt x 157.92294pt.
 [31 <./ass4_1.png (PNG copy)>]
<ass4_4.png, id=456, 432.61626pt x 444.66125pt>
File: ass4_4.png Graphic file (type png)
<use ass4_4.png>
Package pdftex.def Info: ass4_4.png  used on input line 125.
(pdftex.def)             Requested size: 169.0103pt x 173.71571pt.
<ass4_3.png, id=457, 421.575pt x 559.08875pt>
File: ass4_3.png Graphic file (type png)
<use ass4_3.png>
Package pdftex.def Info: ass4_3.png  used on input line 128.
(pdftex.def)             Requested size: 169.0103pt x 224.14339pt.
<ass4_2.png, id=458, 430.60875pt x 567.11874pt>
File: ass4_2.png Graphic file (type png)
<use ass4_2.png>
Package pdftex.def Info: ass4_2.png  used on input line 131.
(pdftex.def)             Requested size: 169.0103pt x 222.59459pt.

Underfull \hbox (badness 10000) in paragraph at lines 141--142

 []

File: hsb.png Graphic file (type png)
<use hsb.png>
Package pdftex.def Info: hsb.png  used on input line 144.
(pdftex.def)             Requested size: 339.76854pt x 157.92294pt.
[32 <./ass4_4.png> <./ass4_3.png> <./ass4_2.png>] (./assignment3_5.m
File: hsb.png Graphic file (type png)
<use hsb.png>
Package pdftex.def Info: hsb.png  used on input line 37.
(pdftex.def)             Requested size: 339.76854pt x 157.92294pt.
 [33])
<ass5_1.png, id=507, 1124.2pt x 843.15pt>
File: ass5_1.png Graphic file (type png)
<use ass5_1.png>
Package pdftex.def Info: ass5_1.png  used on input line 150.
(pdftex.def)             Requested size: 236.15796pt x 177.11818pt.
<ass5_2.png, id=508, 1124.2pt x 843.15pt>
File: ass5_2.png Graphic file (type png)
<use ass5_2.png>
Package pdftex.def Info: ass5_2.png  used on input line 152.
(pdftex.def)             Requested size: 236.15796pt x 177.11818pt.
<ass5_3.png, id=509, 1124.2pt x 843.15pt>
File: ass5_3.png Graphic file (type png)
<use ass5_3.png>
Package pdftex.def Info: ass5_3.png  used on input line 156.
(pdftex.def)             Requested size: 236.15796pt x 177.11818pt.
<ass5_4.png, id=510, 1124.2pt x 843.15pt>
File: ass5_4.png Graphic file (type png)
<use ass5_4.png>
Package pdftex.def Info: ass5_4.png  used on input line 158.
(pdftex.def)             Requested size: 236.15796pt x 177.11818pt.
File: hsb.png Graphic file (type png)
<use hsb.png>
Package pdftex.def Info: hsb.png  used on input line 166.
(pdftex.def)             Requested size: 339.76854pt x 157.92294pt.

[34 <./ass5_1.png (PNG copy)> <./ass5_2.png (PNG copy)> <./ass5_3.png (PNG copy
)> <./ass5_4.png (PNG copy)>] (./assignment3_6.m)
File: hsb.png Graphic file (type png)
<use hsb.png>
Package pdftex.def Info: hsb.png  used on input line 173.
(pdftex.def)             Requested size: 339.76854pt x 157.92294pt.
 [35]
<ass6_1.png, id=547, 2890.8pt x 1704.3675pt>
File: ass6_1.png Graphic file (type png)
<use ass6_1.png>
Package pdftex.def Info: ass6_1.png  used on input line 177.
(pdftex.def)             Requested size: 433.6013pt x 255.64409pt.
File: hsb.png Graphic file (type png)
<use hsb.png>
Package pdftex.def Info: hsb.png  used on input line 193.
(pdftex.def)             Requested size: 339.76854pt x 157.92294pt.
 [36 <./ass6_1.png (PNG copy)>] (./LSE_circle.m
LaTeX Font Info:    Try loading font information for OML+cmr on input line 5.

(/usr/local/texlive/2018/texmf-dist/tex/latex/base/omlcmr.fd
File: omlcmr.fd 2014/09/29 v2.5h Standard LaTeX font definitions
)
LaTeX Font Info:    Font shape `OML/cmr/m/n' in size <8> not available
(Font)              Font shape `OML/cmm/m/it' tried instead on input line 5.
)
(./assignment3_7.m
File: hsb.png Graphic file (type png)
<use hsb.png>
Package pdftex.def Info: hsb.png  used on input line 8.
(pdftex.def)             Requested size: 339.76854pt x 157.92294pt.
 [37])
<ass7_1.png, id=587, 2890.8pt x 1704.3675pt>
File: ass7_1.png Graphic file (type png)
<use ass7_1.png>
Package pdftex.def Info: ass7_1.png  used on input line 201.
(pdftex.def)             Requested size: 375.8172pt x 221.57555pt.
<ass7_2.png, id=588, 243.91125pt x 80.3pt>
File: ass7_2.png Graphic file (type png)
<use ass7_2.png>
Package pdftex.def Info: ass7_2.png  used on input line 209.
(pdftex.def)             Requested size: 182.93298pt x 60.22484pt.
File: hsb.png Graphic file (type png)
<use hsb.png>
Package pdftex.def Info: hsb.png  used on input line 210.
(pdftex.def)             Requested size: 339.76854pt x 157.92294pt.
 [38 <./ass7_1.png (PNG copy)>] (./assignment3_8.m
File: hsb.png Graphic file (type png)
<use hsb.png>
Package pdftex.def Info: hsb.png  used on input line 13.
(pdftex.def)             Requested size: 339.76854pt x 157.92294pt.

[39 <./ass7_2.png>])
File: hsb.png Graphic file (type png)
<use hsb.png>
Package pdftex.def Info: hsb.png  used on input line 221.
(pdftex.def)             Requested size: 339.76854pt x 157.92294pt.
 [40]
<ass8_1.png, id=671, 2890.8pt x 1704.3675pt>
File: ass8_1.png Graphic file (type png)
<use ass8_1.png>
Package pdftex.def Info: ass8_1.png  used on input line 226.
(pdftex.def)             Requested size: 433.6013pt x 255.64409pt.
)
File: hsb.png Graphic file (type png)
<use hsb.png>
Package pdftex.def Info: hsb.png  used on input line 65.
(pdftex.def)             Requested size: 339.76854pt x 157.92294pt.
 [41 <./ass8_1.png (PNG copy)>]
\openout2 = `bibliography.aux'.

 (./bibliography.tex)
File: hsb.png Graphic file (type png)
<use hsb.png>
Package pdftex.def Info: hsb.png  used on input line 66.
(pdftex.def)             Requested size: 339.76854pt x 157.92294pt.

[42



] 
AED: lastpage setting LastPage
Package atveryend Info: Empty hook `BeforeClearDocument' on input line 67.
Package atveryend Info: Empty hook `AfterLastShipout' on input line 67.
(./Main_file.aux (./chapter1.aux) (./chapter2.aux) (./bibliography.aux))
Package atveryend Info: Executing hook `AtVeryEndDocument' on input line 67.
Package atveryend Info: Executing hook `AtEndAfterFileList' on input line 67.
Package rerunfilecheck Info: File `Main_file.out' has not changed.
(rerunfilecheck)             Checksum: 546E516168368AE429FC2EC879247EEB;1188.
Package atveryend Info: Empty hook `AtVeryVeryEnd' on input line 67.
 ) 
Here is how much of TeX's memory you used:
 21057 strings out of 492649
 373169 string characters out of 6129621
 694309 words of memory out of 5000000
 24110 multiletter control sequences out of 15000+600000
 10968 words of font info for 40 fonts, out of 8000000 for 9000
 1141 hyphenation exceptions out of 8191
 55i,19n,54p,655b,2370s stack positions out of 5000i,500n,10000p,200000b,80000s
</usr/local/texlive/2018/texmf-dist/fonts/type1/public/amsfonts/cm/cmbx12.pfb
></usr/local/texlive/2018/texmf-dist/fonts/type1/public/amsfonts/cm/cmbxti10.pf
b></usr/local/texlive/2018/texmf-dist/fonts/type1/public/amsfonts/cm/cmex10.pfb
></usr/local/texlive/2018/texmf-dist/fonts/type1/public/amsfonts/cm/cmmi12.pfb>
</usr/local/texlive/2018/texmf-dist/fonts/type1/public/amsfonts/cm/cmmi6.pfb></
usr/local/texlive/2018/texmf-dist/fonts/type1/public/amsfonts/cm/cmmi8.pfb></us
r/local/texlive/2018/texmf-dist/fonts/type1/public/amsfonts/cm/cmr10.pfb></usr/
local/texlive/2018/texmf-dist/fonts/type1/public/amsfonts/cm/cmr12.pfb></usr/lo
cal/texlive/2018/texmf-dist/fonts/type1/public/amsfonts/cm/cmr6.pfb></usr/local
/texlive/2018/texmf-dist/fonts/type1/public/amsfonts/cm/cmr8.pfb></usr/local/te
xlive/2018/texmf-dist/fonts/type1/public/amsfonts/cm/cmsy10.pfb></usr/local/tex
live/2018/texmf-dist/fonts/type1/public/amsfonts/cm/cmsy6.pfb></usr/local/texli
ve/2018/texmf-dist/fonts/type1/public/amsfonts/cm/cmsy8.pfb></usr/local/texlive
/2018/texmf-dist/fonts/type1/public/amsfonts/cm/cmti10.pfb></usr/local/texlive/
2018/texmf-dist/fonts/type1/public/amsfonts/cm/cmti12.pfb></usr/local/texlive/2
018/texmf-dist/fonts/type1/public/amsfonts/cm/cmtt12.pfb>
Output written on Main_file.pdf (44 pages, 2735650 bytes).
PDF statistics:
 828 PDF objects out of 1000 (max. 8388607)
 728 compressed objects within 8 object streams
 417 named destinations out of 1000 (max. 500000)
 251 words of extra memory for PDF output out of 10000 (max. 10000000)

